{"uid":"acb4cf4ef3e93521","name":"clickCategoryMenuItem()","fullName":"ClickCategoryMenuTest.clickCategoryMenuItem","historyId":"8b99cdf5ae5cd6d423da429c63136a48","time":{"start":1681758528362,"stop":1681758634454,"duration":106092},"description":"","status":"failed","statusMessage":"error\nExpected: <true>\n     but: was <false>","statusTrace":"java.lang.AssertionError: error\nExpected: <true>\n     but: was <false>\r\n\tat org.hamcrest.MatcherAssert.assertThat(MatcherAssert.java:20)\r\n\tat components.MenuComponent.menuItemActive(MenuComponent.java:55)\r\n\tat ClickCategoryMenuTest.clickCategoryMenuItem(ClickCategoryMenuTest.java:45)\r\n\tat java.base/jdk.internal.reflect.NativeMethodAccessorImpl.invoke0(Native Method)\r\n\tat java.base/jdk.internal.reflect.NativeMethodAccessorImpl.invoke(NativeMethodAccessorImpl.java:62)\r\n\tat java.base/jdk.internal.reflect.DelegatingMethodAccessorImpl.invoke(DelegatingMethodAccessorImpl.java:43)\r\n\tat java.base/java.lang.reflect.Method.invoke(Method.java:566)\r\n\tat org.junit.platform.commons.util.ReflectionUtils.invokeMethod(ReflectionUtils.java:725)\r\n\tat org.junit.jupiter.engine.execution.MethodInvocation.proceed(MethodInvocation.java:60)\r\n\tat org.junit.jupiter.engine.execution.InvocationInterceptorChain$ValidatingInvocation.proceed(InvocationInterceptorChain.java:131)\r\n\tat org.junit.jupiter.engine.extension.TimeoutExtension.intercept(TimeoutExtension.java:149)\r\n\tat org.junit.jupiter.engine.extension.TimeoutExtension.interceptTestableMethod(TimeoutExtension.java:140)\r\n\tat org.junit.jupiter.engine.extension.TimeoutExtension.interceptTestMethod(TimeoutExtension.java:84)\r\n\tat org.junit.jupiter.engine.execution.ExecutableInvoker$ReflectiveInterceptorCall.lambda$ofVoidMethod$0(ExecutableInvoker.java:115)\r\n\tat org.junit.jupiter.engine.execution.ExecutableInvoker.lambda$invoke$0(ExecutableInvoker.java:105)\r\n\tat org.junit.jupiter.engine.execution.InvocationInterceptorChain$InterceptedInvocation.proceed(InvocationInterceptorChain.java:106)\r\n\tat org.junit.jupiter.engine.execution.InvocationInterceptorChain.proceed(InvocationInterceptorChain.java:64)\r\n\tat org.junit.jupiter.engine.execution.InvocationInterceptorChain.chainAndInvoke(InvocationInterceptorChain.java:45)\r\n\tat org.junit.jupiter.engine.execution.InvocationInterceptorChain.invoke(InvocationInterceptorChain.java:37)\r\n\tat org.junit.jupiter.engine.execution.ExecutableInvoker.invoke(ExecutableInvoker.java:104)\r\n\tat org.junit.jupiter.engine.execution.ExecutableInvoker.invoke(ExecutableInvoker.java:98)\r\n\tat org.junit.jupiter.engine.descriptor.TestMethodTestDescriptor.lambda$invokeTestMethod$7(TestMethodTestDescriptor.java:214)\r\n\tat org.junit.platform.engine.support.hierarchical.ThrowableCollector.execute(ThrowableCollector.java:73)\r\n\tat org.junit.jupiter.engine.descriptor.TestMethodTestDescriptor.invokeTestMethod(TestMethodTestDescriptor.java:210)\r\n\tat org.junit.jupiter.engine.descriptor.TestMethodTestDescriptor.execute(TestMethodTestDescriptor.java:135)\r\n\tat org.junit.jupiter.engine.descriptor.TestMethodTestDescriptor.execute(TestMethodTestDescriptor.java:66)\r\n\tat org.junit.platform.engine.support.hierarchical.NodeTestTask.lambda$executeRecursively$6(NodeTestTask.java:151)\r\n\tat org.junit.platform.engine.support.hierarchical.ThrowableCollector.execute(ThrowableCollector.java:73)\r\n\tat org.junit.platform.engine.support.hierarchical.NodeTestTask.lambda$executeRecursively$8(NodeTestTask.java:141)\r\n\tat org.junit.platform.engine.support.hierarchical.Node.around(Node.java:137)\r\n\tat org.junit.platform.engine.support.hierarchical.NodeTestTask.lambda$executeRecursively$9(NodeTestTask.java:139)\r\n\tat org.junit.platform.engine.support.hierarchical.ThrowableCollector.execute(ThrowableCollector.java:73)\r\n\tat org.junit.platform.engine.support.hierarchical.NodeTestTask.executeRecursively(NodeTestTask.java:138)\r\n\tat org.junit.platform.engine.support.hierarchical.NodeTestTask.execute(NodeTestTask.java:95)\r\n\tat java.base/java.util.ArrayList.forEach(ArrayList.java:1541)\r\n\tat org.junit.platform.engine.support.hierarchical.SameThreadHierarchicalTestExecutorService.invokeAll(SameThreadHierarchicalTestExecutorService.java:41)\r\n\tat org.junit.platform.engine.support.hierarchical.NodeTestTask.lambda$executeRecursively$6(NodeTestTask.java:155)\r\n\tat org.junit.platform.engine.support.hierarchical.ThrowableCollector.execute(ThrowableCollector.java:73)\r\n\tat org.junit.platform.engine.support.hierarchical.NodeTestTask.lambda$executeRecursively$8(NodeTestTask.java:141)\r\n\tat org.junit.platform.engine.support.hierarchical.Node.around(Node.java:137)\r\n\tat org.junit.platform.engine.support.hierarchical.NodeTestTask.lambda$executeRecursively$9(NodeTestTask.java:139)\r\n\tat org.junit.platform.engine.support.hierarchical.ThrowableCollector.execute(ThrowableCollector.java:73)\r\n\tat org.junit.platform.engine.support.hierarchical.NodeTestTask.executeRecursively(NodeTestTask.java:138)\r\n\tat org.junit.platform.engine.support.hierarchical.NodeTestTask.execute(NodeTestTask.java:95)\r\n\tat java.base/java.util.ArrayList.forEach(ArrayList.java:1541)\r\n\tat org.junit.platform.engine.support.hierarchical.SameThreadHierarchicalTestExecutorService.invokeAll(SameThreadHierarchicalTestExecutorService.java:41)\r\n\tat org.junit.platform.engine.support.hierarchical.NodeTestTask.lambda$executeRecursively$6(NodeTestTask.java:155)\r\n\tat org.junit.platform.engine.support.hierarchical.ThrowableCollector.execute(ThrowableCollector.java:73)\r\n\tat org.junit.platform.engine.support.hierarchical.NodeTestTask.lambda$executeRecursively$8(NodeTestTask.java:141)\r\n\tat org.junit.platform.engine.support.hierarchical.Node.around(Node.java:137)\r\n\tat org.junit.platform.engine.support.hierarchical.NodeTestTask.lambda$executeRecursively$9(NodeTestTask.java:139)\r\n\tat org.junit.platform.engine.support.hierarchical.ThrowableCollector.execute(ThrowableCollector.java:73)\r\n\tat org.junit.platform.engine.support.hierarchical.NodeTestTask.executeRecursively(NodeTestTask.java:138)\r\n\tat org.junit.platform.engine.support.hierarchical.NodeTestTask.execute(NodeTestTask.java:95)\r\n\tat org.junit.platform.engine.support.hierarchical.SameThreadHierarchicalTestExecutorService.submit(SameThreadHierarchicalTestExecutorService.java:35)\r\n\tat org.junit.platform.engine.support.hierarchical.HierarchicalTestExecutor.execute(HierarchicalTestExecutor.java:57)\r\n\tat org.junit.platform.engine.support.hierarchical.HierarchicalTestEngine.execute(HierarchicalTestEngine.java:54)\r\n\tat org.junit.platform.launcher.core.EngineExecutionOrchestrator.execute(EngineExecutionOrchestrator.java:108)\r\n\tat org.junit.platform.launcher.core.EngineExecutionOrchestrator.execute(EngineExecutionOrchestrator.java:88)\r\n\tat org.junit.platform.launcher.core.EngineExecutionOrchestrator.lambda$execute$0(EngineExecutionOrchestrator.java:54)\r\n\tat org.junit.platform.launcher.core.EngineExecutionOrchestrator.withInterceptedStreams(EngineExecutionOrchestrator.java:67)\r\n\tat org.junit.platform.launcher.core.EngineExecutionOrchestrator.execute(EngineExecutionOrchestrator.java:52)\r\n\tat org.junit.platform.launcher.core.DefaultLauncher.execute(DefaultLauncher.java:96)\r\n\tat org.junit.platform.launcher.core.DefaultLauncher.execute(DefaultLauncher.java:75)\r\n\tat org.apache.maven.surefire.junitplatform.JUnitPlatformProvider.invokeAllTests(JUnitPlatformProvider.java:150)\r\n\tat org.apache.maven.surefire.junitplatform.JUnitPlatformProvider.invoke(JUnitPlatformProvider.java:124)\r\n\tat org.apache.maven.surefire.booter.ForkedBooter.invokeProviderInSameClassLoader(ForkedBooter.java:384)\r\n\tat org.apache.maven.surefire.booter.ForkedBooter.runSuitesInProcess(ForkedBooter.java:345)\r\n\tat org.apache.maven.surefire.booter.ForkedBooter.execute(ForkedBooter.java:126)\r\n\tat org.apache.maven.surefire.booter.ForkedBooter.main(ForkedBooter.java:418)\r\n","flaky":false,"newFailed":false,"newBroken":false,"newPassed":false,"retriesCount":27,"retriesStatusChange":true,"beforeStages":[],"testStage":{"description":"","status":"failed","statusMessage":"error\nExpected: <true>\n     but: was <false>","statusTrace":"java.lang.AssertionError: error\nExpected: <true>\n     but: was <false>\r\n\tat org.hamcrest.MatcherAssert.assertThat(MatcherAssert.java:20)\r\n\tat components.MenuComponent.menuItemActive(MenuComponent.java:55)\r\n\tat ClickCategoryMenuTest.clickCategoryMenuItem(ClickCategoryMenuTest.java:45)\r\n\tat java.base/jdk.internal.reflect.NativeMethodAccessorImpl.invoke0(Native Method)\r\n\tat java.base/jdk.internal.reflect.NativeMethodAccessorImpl.invoke(NativeMethodAccessorImpl.java:62)\r\n\tat java.base/jdk.internal.reflect.DelegatingMethodAccessorImpl.invoke(DelegatingMethodAccessorImpl.java:43)\r\n\tat java.base/java.lang.reflect.Method.invoke(Method.java:566)\r\n\tat org.junit.platform.commons.util.ReflectionUtils.invokeMethod(ReflectionUtils.java:725)\r\n\tat org.junit.jupiter.engine.execution.MethodInvocation.proceed(MethodInvocation.java:60)\r\n\tat org.junit.jupiter.engine.execution.InvocationInterceptorChain$ValidatingInvocation.proceed(InvocationInterceptorChain.java:131)\r\n\tat org.junit.jupiter.engine.extension.TimeoutExtension.intercept(TimeoutExtension.java:149)\r\n\tat org.junit.jupiter.engine.extension.TimeoutExtension.interceptTestableMethod(TimeoutExtension.java:140)\r\n\tat org.junit.jupiter.engine.extension.TimeoutExtension.interceptTestMethod(TimeoutExtension.java:84)\r\n\tat org.junit.jupiter.engine.execution.ExecutableInvoker$ReflectiveInterceptorCall.lambda$ofVoidMethod$0(ExecutableInvoker.java:115)\r\n\tat org.junit.jupiter.engine.execution.ExecutableInvoker.lambda$invoke$0(ExecutableInvoker.java:105)\r\n\tat org.junit.jupiter.engine.execution.InvocationInterceptorChain$InterceptedInvocation.proceed(InvocationInterceptorChain.java:106)\r\n\tat org.junit.jupiter.engine.execution.InvocationInterceptorChain.proceed(InvocationInterceptorChain.java:64)\r\n\tat org.junit.jupiter.engine.execution.InvocationInterceptorChain.chainAndInvoke(InvocationInterceptorChain.java:45)\r\n\tat org.junit.jupiter.engine.execution.InvocationInterceptorChain.invoke(InvocationInterceptorChain.java:37)\r\n\tat org.junit.jupiter.engine.execution.ExecutableInvoker.invoke(ExecutableInvoker.java:104)\r\n\tat org.junit.jupiter.engine.execution.ExecutableInvoker.invoke(ExecutableInvoker.java:98)\r\n\tat org.junit.jupiter.engine.descriptor.TestMethodTestDescriptor.lambda$invokeTestMethod$7(TestMethodTestDescriptor.java:214)\r\n\tat org.junit.platform.engine.support.hierarchical.ThrowableCollector.execute(ThrowableCollector.java:73)\r\n\tat org.junit.jupiter.engine.descriptor.TestMethodTestDescriptor.invokeTestMethod(TestMethodTestDescriptor.java:210)\r\n\tat org.junit.jupiter.engine.descriptor.TestMethodTestDescriptor.execute(TestMethodTestDescriptor.java:135)\r\n\tat org.junit.jupiter.engine.descriptor.TestMethodTestDescriptor.execute(TestMethodTestDescriptor.java:66)\r\n\tat org.junit.platform.engine.support.hierarchical.NodeTestTask.lambda$executeRecursively$6(NodeTestTask.java:151)\r\n\tat org.junit.platform.engine.support.hierarchical.ThrowableCollector.execute(ThrowableCollector.java:73)\r\n\tat org.junit.platform.engine.support.hierarchical.NodeTestTask.lambda$executeRecursively$8(NodeTestTask.java:141)\r\n\tat org.junit.platform.engine.support.hierarchical.Node.around(Node.java:137)\r\n\tat org.junit.platform.engine.support.hierarchical.NodeTestTask.lambda$executeRecursively$9(NodeTestTask.java:139)\r\n\tat org.junit.platform.engine.support.hierarchical.ThrowableCollector.execute(ThrowableCollector.java:73)\r\n\tat org.junit.platform.engine.support.hierarchical.NodeTestTask.executeRecursively(NodeTestTask.java:138)\r\n\tat org.junit.platform.engine.support.hierarchical.NodeTestTask.execute(NodeTestTask.java:95)\r\n\tat java.base/java.util.ArrayList.forEach(ArrayList.java:1541)\r\n\tat org.junit.platform.engine.support.hierarchical.SameThreadHierarchicalTestExecutorService.invokeAll(SameThreadHierarchicalTestExecutorService.java:41)\r\n\tat org.junit.platform.engine.support.hierarchical.NodeTestTask.lambda$executeRecursively$6(NodeTestTask.java:155)\r\n\tat org.junit.platform.engine.support.hierarchical.ThrowableCollector.execute(ThrowableCollector.java:73)\r\n\tat org.junit.platform.engine.support.hierarchical.NodeTestTask.lambda$executeRecursively$8(NodeTestTask.java:141)\r\n\tat org.junit.platform.engine.support.hierarchical.Node.around(Node.java:137)\r\n\tat org.junit.platform.engine.support.hierarchical.NodeTestTask.lambda$executeRecursively$9(NodeTestTask.java:139)\r\n\tat org.junit.platform.engine.support.hierarchical.ThrowableCollector.execute(ThrowableCollector.java:73)\r\n\tat org.junit.platform.engine.support.hierarchical.NodeTestTask.executeRecursively(NodeTestTask.java:138)\r\n\tat org.junit.platform.engine.support.hierarchical.NodeTestTask.execute(NodeTestTask.java:95)\r\n\tat java.base/java.util.ArrayList.forEach(ArrayList.java:1541)\r\n\tat org.junit.platform.engine.support.hierarchical.SameThreadHierarchicalTestExecutorService.invokeAll(SameThreadHierarchicalTestExecutorService.java:41)\r\n\tat org.junit.platform.engine.support.hierarchical.NodeTestTask.lambda$executeRecursively$6(NodeTestTask.java:155)\r\n\tat org.junit.platform.engine.support.hierarchical.ThrowableCollector.execute(ThrowableCollector.java:73)\r\n\tat org.junit.platform.engine.support.hierarchical.NodeTestTask.lambda$executeRecursively$8(NodeTestTask.java:141)\r\n\tat org.junit.platform.engine.support.hierarchical.Node.around(Node.java:137)\r\n\tat org.junit.platform.engine.support.hierarchical.NodeTestTask.lambda$executeRecursively$9(NodeTestTask.java:139)\r\n\tat org.junit.platform.engine.support.hierarchical.ThrowableCollector.execute(ThrowableCollector.java:73)\r\n\tat org.junit.platform.engine.support.hierarchical.NodeTestTask.executeRecursively(NodeTestTask.java:138)\r\n\tat org.junit.platform.engine.support.hierarchical.NodeTestTask.execute(NodeTestTask.java:95)\r\n\tat org.junit.platform.engine.support.hierarchical.SameThreadHierarchicalTestExecutorService.submit(SameThreadHierarchicalTestExecutorService.java:35)\r\n\tat org.junit.platform.engine.support.hierarchical.HierarchicalTestExecutor.execute(HierarchicalTestExecutor.java:57)\r\n\tat org.junit.platform.engine.support.hierarchical.HierarchicalTestEngine.execute(HierarchicalTestEngine.java:54)\r\n\tat org.junit.platform.launcher.core.EngineExecutionOrchestrator.execute(EngineExecutionOrchestrator.java:108)\r\n\tat org.junit.platform.launcher.core.EngineExecutionOrchestrator.execute(EngineExecutionOrchestrator.java:88)\r\n\tat org.junit.platform.launcher.core.EngineExecutionOrchestrator.lambda$execute$0(EngineExecutionOrchestrator.java:54)\r\n\tat org.junit.platform.launcher.core.EngineExecutionOrchestrator.withInterceptedStreams(EngineExecutionOrchestrator.java:67)\r\n\tat org.junit.platform.launcher.core.EngineExecutionOrchestrator.execute(EngineExecutionOrchestrator.java:52)\r\n\tat org.junit.platform.launcher.core.DefaultLauncher.execute(DefaultLauncher.java:96)\r\n\tat org.junit.platform.launcher.core.DefaultLauncher.execute(DefaultLauncher.java:75)\r\n\tat org.apache.maven.surefire.junitplatform.JUnitPlatformProvider.invokeAllTests(JUnitPlatformProvider.java:150)\r\n\tat org.apache.maven.surefire.junitplatform.JUnitPlatformProvider.invoke(JUnitPlatformProvider.java:124)\r\n\tat org.apache.maven.surefire.booter.ForkedBooter.invokeProviderInSameClassLoader(ForkedBooter.java:384)\r\n\tat org.apache.maven.surefire.booter.ForkedBooter.runSuitesInProcess(ForkedBooter.java:345)\r\n\tat org.apache.maven.surefire.booter.ForkedBooter.execute(ForkedBooter.java:126)\r\n\tat org.apache.maven.surefire.booter.ForkedBooter.main(ForkedBooter.java:418)\r\n","steps":[],"attachments":[{"uid":"77c051fb0c78b2fe","name":"Failed screenshot","source":"77c051fb0c78b2fe.png","type":"image/png","size":6108}],"parameters":[],"stepsCount":0,"hasContent":true,"shouldDisplayMessage":true,"attachmentsCount":1},"afterStages":[],"labels":[{"name":"host","value":"STANISLAV"},{"name":"thread","value":"4876@STANISLAV.main(1)"},{"name":"framework","value":"junit-platform"},{"name":"language","value":"java"},{"name":"package","value":"ClickCategoryMenuTest"},{"name":"testClass","value":"ClickCategoryMenuTest"},{"name":"testMethod","value":"clickCategoryMenuItem"},{"name":"suite","value":"ClickCategoryMenuTest"},{"name":"resultFormat","value":"allure2"}],"parameters":[],"links":[],"hidden":false,"retry":false,"extra":{"severity":"normal","retries":[{"uid":"60de062d5b994e95","status":"failed","statusDetails":"error\nExpected: <true>\n     but: was <false>","time":{"start":1681758241726,"stop":1681758342080,"duration":100354}},{"uid":"94422f58a4abc014","status":"failed","statusDetails":"error\nExpected: <true>\n     but: was <false>","time":{"start":1681752352591,"stop":1681752467010,"duration":114419}},{"uid":"e034fbd74dc20a41","status":"broken","statusDetails":"session timed out or not found\nBuild info: version: '3.141.59', revision: 'e82be7d358', time: '2018-11-14T08:17:03'\nSystem info: host: 'STANISLAV', ip: '10.221.138.140', os.name: 'Windows 10', os.arch: 'amd64', os.version: '10.0', java.version: '11.0.12'\nDriver info: org.openqa.selenium.remote.RemoteWebDriver\nCapabilities {acceptInsecureCerts: false, browserName: chrome, browserVersion: 109.0.5414.74, chrome: {chromedriverVersion: 109.0.5414.74 (e7c5703604da..., userDataDir: /tmp/.com.google.Chrome.M5ZgTg}, goog:chromeOptions: {debuggerAddress: localhost:45735}, javascriptEnabled: true, networkConnectionEnabled: false, pageLoadStrategy: normal, platform: LINUX, platformName: LINUX, proxy: Proxy(), setWindowRect: true, strictFileInteractability: false, timeouts: {implicit: 0, pageLoad: 300000, script: 30000}, unhandledPromptBehavior: dismiss and notify, webauthn:extension:credBlob: true, webauthn:extension:largeBlob: true, webauthn:virtualAuthenticators: true}\nSession ID: 930e32b96ec93bef419d43839b5a4376\n*** Element info: {Using=css selector, value=#categories_id a[title=\"Программирование\"]}","time":{"start":1681751152438,"stop":1681751250951,"duration":98513}},{"uid":"870a10395af51bcb","status":"failed","statusDetails":"error\nExpected: <true>\n     but: was <false>","time":{"start":1681748198270,"stop":1681748316726,"duration":118456}},{"uid":"146b4c3460db6a4e","status":"failed","statusDetails":"error\nExpected: <true>\n     but: was <false>","time":{"start":1678363380296,"stop":1678363475352,"duration":95056}},{"uid":"bf5b16d6877e5bff","status":"broken","statusDetails":"session not created: This version of ChromeDriver only supports Chrome version 111\nCurrent browser version is 110.0.5481.177 with binary path C:\\Program Files\\Google\\Chrome\\Application\\chrome.exe\nBuild info: version: '3.141.59', revision: 'e82be7d358', time: '2018-11-14T08:17:03'\nSystem info: host: 'STANISLAV', ip: '192.168.64.1', os.name: 'Windows 10', os.arch: 'amd64', os.version: '10.0', java.version: '11.0.12'\nDriver info: driver.version: ChromeWebDriver\nremote stacktrace: Backtrace:\n\t(No symbol) [0x0086DCE3]\n\t(No symbol) [0x008039D1]\n\t(No symbol) [0x00714DA8]\n\t(No symbol) [0x00734F6C]\n\t(No symbol) [0x00730D11]\n\t(No symbol) [0x0072ED19]\n\t(No symbol) [0x007615AE]\n\t(No symbol) [0x0076129C]\n\t(No symbol) [0x0075ACC6]\n\t(No symbol) [0x00736F68]\n\t(No symbol) [0x007380CD]\n\tGetHandleVerifier [0x00AE3832+2506274]\n\tGetHandleVerifier [0x00B19794+2727300]\n\tGetHandleVerifier [0x00B1E36C+2746716]\n\tGetHandleVerifier [0x00916690+617600]\n\t(No symbol) [0x0080C712]\n\t(No symbol) [0x00811FF8]\n\t(No symbol) [0x008120DB]\n\t(No symbol) [0x0081C63B]\n\tBaseThreadInitThunk [0x758C00F9+25]\n\tRtlGetAppContainerNamedObjectPath [0x771D7BBE+286]\n\tRtlGetAppContainerNamedObjectPath [0x771D7B8E+238]\n","time":{"start":1678362060009,"stop":1678362069217,"duration":9208}},{"uid":"96e9c7f8fa528bb7","status":"broken","statusDetails":"session not created: This version of ChromeDriver only supports Chrome version 111\nCurrent browser version is 110.0.5481.177 with binary path C:\\Program Files\\Google\\Chrome\\Application\\chrome.exe\nBuild info: version: '3.141.59', revision: 'e82be7d358', time: '2018-11-14T08:17:03'\nSystem info: host: 'STANISLAV', ip: '192.168.64.1', os.name: 'Windows 10', os.arch: 'amd64', os.version: '10.0', java.version: '11.0.12'\nDriver info: driver.version: ChromeWebDriver\nremote stacktrace: Backtrace:\n\t(No symbol) [0x0086DCE3]\n\t(No symbol) [0x008039D1]\n\t(No symbol) [0x00714DA8]\n\t(No symbol) [0x00734F6C]\n\t(No symbol) [0x00730D11]\n\t(No symbol) [0x0072ED19]\n\t(No symbol) [0x007615AE]\n\t(No symbol) [0x0076129C]\n\t(No symbol) [0x0075ACC6]\n\t(No symbol) [0x00736F68]\n\t(No symbol) [0x007380CD]\n\tGetHandleVerifier [0x00AE3832+2506274]\n\tGetHandleVerifier [0x00B19794+2727300]\n\tGetHandleVerifier [0x00B1E36C+2746716]\n\tGetHandleVerifier [0x00916690+617600]\n\t(No symbol) [0x0080C712]\n\t(No symbol) [0x00811FF8]\n\t(No symbol) [0x008120DB]\n\t(No symbol) [0x0081C63B]\n\tBaseThreadInitThunk [0x758C00F9+25]\n\tRtlGetAppContainerNamedObjectPath [0x771D7BBE+286]\n\tRtlGetAppContainerNamedObjectPath [0x771D7B8E+238]\n","time":{"start":1678362010096,"stop":1678362014478,"duration":4382}},{"uid":"ea1c945faf6a4205","status":"broken","statusDetails":"session not created: This version of ChromeDriver only supports Chrome version 111\nCurrent browser version is 110.0.5481.177 with binary path C:\\Program Files\\Google\\Chrome\\Application\\chrome.exe\nBuild info: version: '3.141.59', revision: 'e82be7d358', time: '2018-11-14T08:17:03'\nSystem info: host: 'STANISLAV', ip: '192.168.64.1', os.name: 'Windows 10', os.arch: 'amd64', os.version: '10.0', java.version: '11.0.12'\nDriver info: driver.version: ChromeWebDriver\nremote stacktrace: Backtrace:\n\t(No symbol) [0x0086DCE3]\n\t(No symbol) [0x008039D1]\n\t(No symbol) [0x00714DA8]\n\t(No symbol) [0x00734F6C]\n\t(No symbol) [0x00730D11]\n\t(No symbol) [0x0072ED19]\n\t(No symbol) [0x007615AE]\n\t(No symbol) [0x0076129C]\n\t(No symbol) [0x0075ACC6]\n\t(No symbol) [0x00736F68]\n\t(No symbol) [0x007380CD]\n\tGetHandleVerifier [0x00AE3832+2506274]\n\tGetHandleVerifier [0x00B19794+2727300]\n\tGetHandleVerifier [0x00B1E36C+2746716]\n\tGetHandleVerifier [0x00916690+617600]\n\t(No symbol) [0x0080C712]\n\t(No symbol) [0x00811FF8]\n\t(No symbol) [0x008120DB]\n\t(No symbol) [0x0081C63B]\n\tBaseThreadInitThunk [0x758C00F9+25]\n\tRtlGetAppContainerNamedObjectPath [0x771D7BBE+286]\n\tRtlGetAppContainerNamedObjectPath [0x771D7B8E+238]\n","time":{"start":1678361897674,"stop":1678361905569,"duration":7895}},{"uid":"50ee29a86bb18b1a","status":"broken","statusDetails":"no such element: Unable to locate element: {\"method\":\"xpath\",\"selector\":\"//label[text()=\"Программирование\"]/..//div/input[@checked]\"}\n  (Session info: chrome=109.0.5414.74)\nFor documentation on this error, please visit: https://www.seleniumhq.org/exceptions/no_such_element.html\nBuild info: version: '3.141.59', revision: 'e82be7d358', time: '2018-11-14T08:17:03'\nSystem info: host: 'STANISLAV', ip: '10.221.12.123', os.name: 'Windows 10', os.arch: 'amd64', os.version: '10.0', java.version: '11.0.12'\nDriver info: org.openqa.selenium.remote.RemoteWebDriver\nCapabilities {acceptInsecureCerts: false, browserName: chrome, browserVersion: 109.0.5414.74, chrome: {chromedriverVersion: 109.0.5414.74 (e7c5703604da..., userDataDir: /tmp/.com.google.Chrome.npI3Cs}, goog:chromeOptions: {debuggerAddress: localhost:42317}, javascriptEnabled: true, networkConnectionEnabled: false, pageLoadStrategy: normal, platform: LINUX, platformName: LINUX, proxy: Proxy(), setWindowRect: true, strictFileInteractability: false, timeouts: {implicit: 0, pageLoad: 300000, script: 30000}, unhandledPromptBehavior: dismiss and notify, webauthn:extension:credBlob: true, webauthn:extension:largeBlob: true, webauthn:virtualAuthenticators: true}\nSession ID: 9e6ab6f4144c1ae8677af8292777b171\n*** Element info: {Using=xpath, value=//label[text()=\"Программирование\"]/..//div/input[@checked]}","time":{"start":1678122393839,"stop":1678122468421,"duration":74582}},{"uid":"3a4ecd6869d3dcb1","status":"failed","statusDetails":"error\nExpected: <true>\n     but: was <false>","time":{"start":1677401776733,"stop":1677401803531,"duration":26798}},{"uid":"5a41b86542aab74e","status":"failed","statusDetails":"error\nExpected: <true>\n     but: was <false>","time":{"start":1676910527492,"stop":1676910556184,"duration":28692}},{"uid":"73f75eeed3709898","status":"broken","statusDetails":"session not created: This version of ChromeDriver only supports Chrome version 109\nCurrent browser version is 108.0.5359.125 with binary path C:\\Program Files\\Google\\Chrome\\Application\\chrome.exe\nBuild info: version: '3.141.59', revision: 'e82be7d358', time: '2018-11-14T08:17:03'\nSystem info: host: 'STANISLAV', ip: '192.168.1.50', os.name: 'Windows 10', os.arch: 'amd64', os.version: '10.0', java.version: '11.0.12'\nDriver info: driver.version: ChromeWebDriver\nremote stacktrace: Backtrace:\n\t(No symbol) [0x00616643]\n\t(No symbol) [0x005ABE21]\n\t(No symbol) [0x004ADA9D]\n\t(No symbol) [0x004D2911]\n\t(No symbol) [0x004CD630]\n\t(No symbol) [0x004CA899]\n\t(No symbol) [0x00506917]\n\t(No symbol) [0x0050655C]\n\t(No symbol) [0x004FFB76]\n\t(No symbol) [0x004D49C1]\n\t(No symbol) [0x004D5E5D]\n\tGetHandleVerifier [0x0088A142+2497106]\n\tGetHandleVerifier [0x008B85D3+2686691]\n\tGetHandleVerifier [0x008BBB9C+2700460]\n\tGetHandleVerifier [0x006C3B10+635936]\n\t(No symbol) [0x005B4A1F]\n\t(No symbol) [0x005BA418]\n\t(No symbol) [0x005BA505]\n\t(No symbol) [0x005C508B]\n\tBaseThreadInitThunk [0x761200F9+25]\n\tRtlGetAppContainerNamedObjectPath [0x77137BBE+286]\n\tRtlGetAppContainerNamedObjectPath [0x77137B8E+238]\n","time":{"start":1673788559273,"stop":1673788566854,"duration":7581}},{"uid":"9443fa0631081806","status":"broken","statusDetails":"java.lang.NullPointerException","time":{"start":1673788520507,"stop":1673788520572,"duration":65}},{"uid":"70314fd9854f2d74","status":"broken","statusDetails":"no such element: Unable to locate element: {\"method\":\"xpath\",\"selector\":\"//label[text()=\"Программирование\"]/..//div/input[@checked]\"}\n  (Session info: chrome=108.0.5359.125)\nFor documentation on this error, please visit: https://www.seleniumhq.org/exceptions/no_such_element.html\nBuild info: version: '3.141.59', revision: 'e82be7d358', time: '2018-11-14T08:17:03'\nSystem info: host: 'STANISLAV', ip: '192.168.1.50', os.name: 'Windows 10', os.arch: 'amd64', os.version: '10.0', java.version: '11.0.12'\nDriver info: org.openqa.selenium.chrome.ChromeDriver\nCapabilities {acceptInsecureCerts: false, browserName: chrome, browserVersion: 108.0.5359.125, chrome: {chromedriverVersion: 108.0.5359.71 (1e0e3868ee06..., userDataDir: C:\\Users\\exarc\\AppData\\Loca...}, goog:chromeOptions: {debuggerAddress: localhost:59943}, javascriptEnabled: true, networkConnectionEnabled: false, pageLoadStrategy: normal, platform: WINDOWS, platformName: WINDOWS, proxy: Proxy(), setWindowRect: true, strictFileInteractability: false, timeouts: {implicit: 0, pageLoad: 300000, script: 30000}, unhandledPromptBehavior: dismiss and notify, webauthn:extension:credBlob: true, webauthn:extension:largeBlob: true, webauthn:virtualAuthenticators: true}\nSession ID: f67ff64dab7cac71c355d1a789440914\n*** Element info: {Using=xpath, value=//label[text()=\"Программирование\"]/..//div/input[@checked]}","time":{"start":1673004538373,"stop":1673004577354,"duration":38981}},{"uid":"ad4fb6da288b27c3","status":"failed","statusDetails":"Error","time":{"start":1672997949112,"stop":1672998002994,"duration":53882}},{"uid":"2ca4c9d7db27db3f","status":"failed","statusDetails":"Error","time":{"start":1672993496822,"stop":1672993527952,"duration":31130}},{"uid":"58f511b22099b85d","status":"broken","statusDetails":"no such element: Unable to locate element: {\"method\":\"xpath\",\"selector\":\"//label[text()=\"Программирование\"]/..//div/input[@checked]\"}\n  (Session info: chrome=108.0.5359.125)\nFor documentation on this error, please visit: https://www.seleniumhq.org/exceptions/no_such_element.html\nBuild info: version: '3.141.59', revision: 'e82be7d358', time: '2018-11-14T08:17:03'\nSystem info: host: 'STANISLAV', ip: '192.168.1.50', os.name: 'Windows 10', os.arch: 'amd64', os.version: '10.0', java.version: '11.0.12'\nDriver info: org.openqa.selenium.chrome.ChromeDriver\nCapabilities {acceptInsecureCerts: false, browserName: chrome, browserVersion: 108.0.5359.125, chrome: {chromedriverVersion: 108.0.5359.71 (1e0e3868ee06..., userDataDir: C:\\Users\\exarc\\AppData\\Loca...}, goog:chromeOptions: {debuggerAddress: localhost:52114}, javascriptEnabled: true, networkConnectionEnabled: false, pageLoadStrategy: normal, platform: WINDOWS, platformName: WINDOWS, proxy: Proxy(), setWindowRect: true, strictFileInteractability: false, timeouts: {implicit: 0, pageLoad: 300000, script: 30000}, unhandledPromptBehavior: dismiss and notify, webauthn:extension:credBlob: true, webauthn:extension:largeBlob: true, webauthn:virtualAuthenticators: true}\nSession ID: 84a1c9bc06fb6988b07de625768cc895\n*** Element info: {Using=xpath, value=//label[text()=\"Программирование\"]/..//div/input[@checked]}","time":{"start":1672993406496,"stop":1672993466007,"duration":59511}},{"uid":"b75b9daaeb5b2c8","status":"failed","statusDetails":"Error","time":{"start":1672993137898,"stop":1672993198377,"duration":60479}},{"uid":"a7caee6bcc071cdf","status":"failed","statusDetails":"Error","time":{"start":1672939447563,"stop":1672939962750,"duration":515187}},{"uid":"4256337286d20d4e","status":"broken","statusDetails":"no such element: Unable to locate element: {\"method\":\"xpath\",\"selector\":\"//label[text()=\"Программирование\"]/..//div/input[@checked]\"}\n  (Session info: chrome=108.0.5359.125)\nFor documentation on this error, please visit: https://www.seleniumhq.org/exceptions/no_such_element.html\nBuild info: version: '3.141.59', revision: 'e82be7d358', time: '2018-11-14T08:17:03'\nSystem info: host: 'STANISLAV', ip: '192.168.1.50', os.name: 'Windows 10', os.arch: 'amd64', os.version: '10.0', java.version: '11.0.12'\nDriver info: org.openqa.selenium.chrome.ChromeDriver\nCapabilities {acceptInsecureCerts: false, browserName: chrome, browserVersion: 108.0.5359.125, chrome: {chromedriverVersion: 108.0.5359.71 (1e0e3868ee06..., userDataDir: C:\\Users\\exarc\\AppData\\Loca...}, goog:chromeOptions: {debuggerAddress: localhost:65136}, javascriptEnabled: true, networkConnectionEnabled: false, pageLoadStrategy: normal, platform: WINDOWS, platformName: WINDOWS, proxy: Proxy(), setWindowRect: true, strictFileInteractability: false, timeouts: {implicit: 0, pageLoad: 300000, script: 30000}, unhandledPromptBehavior: dismiss and notify, webauthn:extension:credBlob: true, webauthn:extension:largeBlob: true, webauthn:virtualAuthenticators: true}\nSession ID: b31e978c5d0a8df164f5df9064bf2766\n*** Element info: {Using=xpath, value=//label[text()=\"Программирование\"]/..//div/input[@checked]}","time":{"start":1672939364865,"stop":1672939420915,"duration":56050}},{"uid":"c9c850d8ef5212ff","status":"failed","statusDetails":"Error","time":{"start":1672939033768,"stop":1672939086280,"duration":52512}},{"uid":"f7eef3f198b4b498","status":"failed","statusDetails":"java.lang.AssertionError","time":{"start":1672929789112,"stop":1672929817130,"duration":28018}},{"uid":"1a03b1db3ffb3950","status":"passed","time":{"start":1672926564327,"stop":1672926592669,"duration":28342}},{"uid":"c48d07f3d030faf6","status":"broken","statusDetails":"stale element reference: element is not attached to the page document\n  (Session info: chrome=108.0.5359.125)\nFor documentation on this error, please visit: https://www.seleniumhq.org/exceptions/stale_element_reference.html\nBuild info: version: '3.141.59', revision: 'e82be7d358', time: '2018-11-14T08:17:03'\nSystem info: host: 'STANISLAV', ip: '192.168.1.50', os.name: 'Windows 10', os.arch: 'amd64', os.version: '10.0', java.version: '11.0.12'\nDriver info: org.openqa.selenium.chrome.ChromeDriver\nCapabilities {acceptInsecureCerts: false, browserName: chrome, browserVersion: 108.0.5359.125, chrome: {chromedriverVersion: 108.0.5359.71 (1e0e3868ee06..., userDataDir: C:\\Users\\exarc\\AppData\\Loca...}, goog:chromeOptions: {debuggerAddress: localhost:52440}, javascriptEnabled: true, networkConnectionEnabled: false, pageLoadStrategy: normal, platform: WINDOWS, platformName: WINDOWS, proxy: Proxy(), setWindowRect: true, strictFileInteractability: false, timeouts: {implicit: 0, pageLoad: 300000, script: 30000}, unhandledPromptBehavior: dismiss and notify, webauthn:extension:credBlob: true, webauthn:extension:largeBlob: true, webauthn:virtualAuthenticators: true}\nSession ID: 58295759dbb6a8dfc87012ef8ede68fa","time":{"start":1672926462077,"stop":1672926479271,"duration":17194}},{"uid":"7ef730dbe9bff948","status":"broken","statusDetails":"stale element reference: element is not attached to the page document\n  (Session info: chrome=108.0.5359.125)\nFor documentation on this error, please visit: https://www.seleniumhq.org/exceptions/stale_element_reference.html\nBuild info: version: '3.141.59', revision: 'e82be7d358', time: '2018-11-14T08:17:03'\nSystem info: host: 'STANISLAV', ip: '192.168.1.50', os.name: 'Windows 10', os.arch: 'amd64', os.version: '10.0', java.version: '11.0.12'\nDriver info: org.openqa.selenium.chrome.ChromeDriver\nCapabilities {acceptInsecureCerts: false, browserName: chrome, browserVersion: 108.0.5359.125, chrome: {chromedriverVersion: 108.0.5359.71 (1e0e3868ee06..., userDataDir: C:\\Users\\exarc\\AppData\\Loca...}, goog:chromeOptions: {debuggerAddress: localhost:52326}, javascriptEnabled: true, networkConnectionEnabled: false, pageLoadStrategy: normal, platform: WINDOWS, platformName: WINDOWS, proxy: Proxy(), setWindowRect: true, strictFileInteractability: false, timeouts: {implicit: 0, pageLoad: 300000, script: 30000}, unhandledPromptBehavior: dismiss and notify, webauthn:extension:credBlob: true, webauthn:extension:largeBlob: true, webauthn:virtualAuthenticators: true}\nSession ID: f647e21b0a0ff2b9cd31e42b097cc123","time":{"start":1672926390931,"stop":1672926409199,"duration":18268}},{"uid":"d221194b591ed812","status":"passed","time":{"start":1672924300147,"stop":1672924313365,"duration":13218}},{"uid":"acc9d9082d561e7e","status":"passed","time":{"start":1672923113232,"stop":1672923126698,"duration":13466}}],"categories":[{"name":"Product defects","matchedStatuses":[],"flaky":false}],"tags":[]},"source":"acb4cf4ef3e93521.json","parameterValues":[]}